<?xml version="1.0" encoding="UTF-8" ?>
<testsuite tests="2" failures="0" name="com.bjpowernode.test.MyTest" time="0.329" errors="0" skipped="0">
  <properties>
    <property name="idea.version" value="2021.1"/>
    <property name="java.runtime.name" value="OpenJDK Runtime Environment"/>
    <property name="sun.boot.library.path" value="C:\Users\观海\.jdks\corretto-1.8.0_322\jre\bin"/>
    <property name="java.vm.version" value="25.322-b06"/>
    <property name="java.vm.vendor" value="Amazon.com Inc."/>
    <property name="maven.multiModuleProjectDirectory" value="G:\demo\mimiSSM"/>
    <property name="java.vendor.url" value="https://aws.amazon.com/corretto/"/>
    <property name="path.separator" value=";"/>
    <property name="guice.disable.misplaced.annotation.check" value="true"/>
    <property name="java.vm.name" value="OpenJDK 64-Bit Server VM"/>
    <property name="file.encoding.pkg" value="sun.io"/>
    <property name="user.script" value=""/>
    <property name="user.country" value="CN"/>
    <property name="sun.java.launcher" value="SUN_STANDARD"/>
    <property name="sun.os.patch.level" value=""/>
    <property name="java.vm.specification.name" value="Java Virtual Machine Specification"/>
    <property name="user.dir" value="G:\demo\mimiSSM"/>
    <property name="java.runtime.version" value="1.8.0_322-b06"/>
    <property name="java.awt.graphicsenv" value="sun.awt.Win32GraphicsEnvironment"/>
    <property name="java.endorsed.dirs" value="C:\Users\观海\.jdks\corretto-1.8.0_322\jre\lib\endorsed"/>
    <property name="os.arch" value="amd64"/>
    <property name="java.io.tmpdir" value="C:\Users\观海\AppData\Local\Temp\"/>
    <property name="line.separator" value="
"/>
    <property name="java.vm.specification.vendor" value="Oracle Corporation"/>
    <property name="user.variant" value=""/>
    <property name="os.name" value="Windows 10"/>
    <property name="maven.ext.class.path" value="G:\IntelliJ IDEA 2021.1\plugins\maven\lib\maven-event-listener.jar"/>
    <property name="classworlds.conf" value="G:\maven-3.6.3\bin\m2.conf"/>
    <property name="sun.jnu.encoding" value="GBK"/>
    <property name="java.library.path" value="C:\Users\观海\.jdks\corretto-1.8.0_322\bin;C:\Windows\Sun\Java\bin;C:\Windows\system32;C:\Windows;G:\VMware\bin\;C:\Users\观海\.jdks\corretto-1.8.0_322\bin;C;\Windows\system32;C:\Windows;C:\Windows\System32\Wbem;C:\Windows\System32\WindowsPowerShell\v1.0\;C:\Windows\System32\OpenSSH\;C:\Program Files\Bandizip\;C:\Program Files (x86)\NVIDIA Corporation\PhysX\Common;C:\Users\观海\.jdks\corretto-1.8.0_322\bin;C:\Users\观海\.jdks\corretto-1.8.0_322\jre\bin;G:\mysql\bin;C:\Program Files\MySQL\MySQL Server 8.0\bin;%MAVEN_HOME\bin;G:\maven-3.6.3\bin;&quot;G:\Tomcat8\bin;&quot;;G:\redis\;G:\rocketmq\bin;G:\Git\cmd;G:\Node\;C:\Program Files\MySQL\MySQL Shell 8.0\bin\;C:\Users\观海\AppData\Local\Microsoft\WindowsApps;C:\Users\观海\AppData\Roaming\npm;G:\Node\node_global;;."/>
    <property name="maven.conf" value="G:\maven-3.6.3/conf"/>
    <property name="java.specification.name" value="Java Platform API Specification"/>
    <property name="java.class.version" value="52.0"/>
    <property name="sun.management.compiler" value="HotSpot 64-Bit Tiered Compilers"/>
    <property name="maven.repo.local" value="G:\maven-3.6.3\repository"/>
    <property name="os.version" value="10.0"/>
    <property name="user.home" value="C:\Users\观海"/>
    <property name="user.timezone" value="Asia/Shanghai"/>
    <property name="java.awt.printerjob" value="sun.awt.windows.WPrinterJob"/>
    <property name="java.specification.version" value="1.8"/>
    <property name="file.encoding" value="UTF-8"/>
    <property name="user.name" value="观海"/>
    <property name="java.class.path" value="G:\maven-3.6.3\boot\plexus-classworlds-2.6.0.jar;G:\maven-3.6.3\boot\plexus-classworlds.license;G:\IntelliJ IDEA 2021.1\lib\idea_rt.jar"/>
    <property name="java.vm.specification.version" value="1.8"/>
    <property name="sun.arch.data.model" value="64"/>
    <property name="java.home" value="C:\Users\观海\.jdks\corretto-1.8.0_322\jre"/>
    <property name="sun.java.command" value="org.codehaus.classworlds.Launcher -Didea.version=2021.1 -s G:\maven-3.6.3\conf\settings.xml -Dmaven.repo.local=G:\maven-3.6.3\repository package"/>
    <property name="java.specification.vendor" value="Oracle Corporation"/>
    <property name="user.language" value="zh"/>
    <property name="awt.toolkit" value="sun.awt.windows.WToolkit"/>
    <property name="java.vm.info" value="mixed mode"/>
    <property name="java.version" value="1.8.0_322"/>
    <property name="java.ext.dirs" value="C:\Users\观海\.jdks\corretto-1.8.0_322\jre\lib\ext;C:\Windows\Sun\Java\lib\ext"/>
    <property name="sun.boot.class.path" value="C:\Users\观海\.jdks\corretto-1.8.0_322\jre\lib\resources.jar;C:\Users\观海\.jdks\corretto-1.8.0_322\jre\lib\rt.jar;C:\Users\观海\.jdks\corretto-1.8.0_322\jre\lib\sunrsasign.jar;C:\Users\观海\.jdks\corretto-1.8.0_322\jre\lib\jsse.jar;C:\Users\观海\.jdks\corretto-1.8.0_322\jre\lib\jce.jar;C:\Users\观海\.jdks\corretto-1.8.0_322\jre\lib\charsets.jar;C:\Users\观海\.jdks\corretto-1.8.0_322\jre\lib\jfr.jar;C:\Users\观海\.jdks\corretto-1.8.0_322\jre\classes"/>
    <property name="java.vendor" value="Amazon.com Inc."/>
    <property name="maven.home" value="G:\maven-3.6.3"/>
    <property name="file.separator" value="\"/>
    <property name="java.vendor.url.bug" value="https://github.com/corretto/corretto-8/issues/"/>
    <property name="sun.cpu.endian" value="little"/>
    <property name="sun.io.unicode.encoding" value="UnicodeLittle"/>
    <property name="sun.desktop" value="windows"/>
    <property name="sun.cpu.isalist" value="amd64"/>
  </properties>
  <testcase classname="com.bjpowernode.test.MyTest" name="testSelectCondition" time="0.326"/>
  <testcase classname="com.bjpowernode.test.MyTest" name="testMD5" time="0.003"/>
</testsuite>